<?xml version="1.0" encoding="UTF-8"?>
<!-- Generated by org.testng.reporters.JUnitReportReporter -->
<testsuite hostname="DESKTOP-PQE36GM" failures="0" tests="1" name="raghavkjacademy.Tests.CheckStreams" time="7.002" errors="0" timestamp="2023-09-02T05:44:06 IST" skipped="0">
  <testcase classname="raghavkjacademy.Tests.CheckStreams" name="check" time="7.002"/>
</testsuite> <!-- raghavkjacademy.Tests.CheckStreams -->
