<?xml version="1.0" encoding="UTF-8"?>
<!-- Generated by org.testng.reporters.JUnitReportReporter -->
<testsuite hostname="DESKTOP-PQE36GM" failures="0" tests="1" name="raghavkjacademy.Tests.ErrorValidations" time="10.804" errors="0" timestamp="2023-09-04T23:14:26 IST" skipped="0">
  <testcase classname="raghavkjacademy.Tests.ErrorValidations" name="productErrorValidation" time="10.804"/>
</testsuite> <!-- raghavkjacademy.Tests.ErrorValidations -->
