<?xml version="1.0" encoding="UTF-8"?>
<!-- Generated by org.testng.reporters.JUnitReportReporter -->
<testsuite hostname="DESKTOP-PQE36GM" failures="0" tests="1" name="raghavkjacademy.Tests.StandAaloneTest" time="13.485" errors="0" timestamp="2023-09-02T20:09:05 IST" skipped="0">
  <testcase classname="raghavkjacademy.Tests.StandAaloneTest" name="submitOrder" time="13.485"/>
</testsuite> <!-- raghavkjacademy.Tests.StandAaloneTest -->
