<?xml version="1.0" encoding="UTF-8"?>
<!-- Generated by org.testng.reporters.JUnitReportReporter -->
<testsuite hostname="DESKTOP-PQE36GM" failures="0" tests="2" name="raghavkjacademy.Tests.SubmitOrderTest_A" time="21.198" errors="0" timestamp="2023-09-04T23:34:35 IST" skipped="0">
  <testcase classname="raghavkjacademy.Tests.SubmitOrderTest_A" name="submitOrder" time="11.768"/>
  <testcase classname="raghavkjacademy.Tests.SubmitOrderTest_A" name="OrderHistoryTest" time="9.430"/>
</testsuite> <!-- raghavkjacademy.Tests.SubmitOrderTest_A -->
