<?xml version="1.0" encoding="UTF-8"?>
<!-- Generated by org.testng.reporters.JUnitReportReporter -->
<testsuite hostname="DESKTOP-PQE36GM" failures="0" tests="2" name="raghavkjacademy.Tests.SubmitOrderTest" time="17.597" errors="0" timestamp="2023-09-01T17:33:20 IST" skipped="0">
  <testcase classname="raghavkjacademy.Tests.SubmitOrderTest" name="submitOrder" time="10.558"/>
  <testcase classname="raghavkjacademy.Tests.SubmitOrderTest" name="submitOrder" time="7.039"/>
</testsuite> <!-- raghavkjacademy.Tests.SubmitOrderTest -->
