<?xml version="1.0" encoding="UTF-8"?>
<!-- Generated by org.testng.reporters.JUnitReportReporter -->
<testsuite hostname="DESKTOP-PQE36GM" failures="0" tests="2" name="raghavkjacademy.Tests.ErrorValidationsTest" time="14.279" errors="0" timestamp="2023-09-04T23:27:03 IST" skipped="0">
  <testcase classname="raghavkjacademy.Tests.ErrorValidationsTest" name="productErrorValidation" time="8.091"/>
  <testcase classname="raghavkjacademy.Tests.ErrorValidationsTest" name="loginErrorValidation" time="6.188"/>
</testsuite> <!-- raghavkjacademy.Tests.ErrorValidationsTest -->
