<?xml version="1.0" encoding="UTF-8"?>
<!-- Generated by org.testng.reporters.JUnitReportReporter -->
<testsuite hostname="DESKTOP-PQE36GM" failures="0" tests="2" name="raghavkjacademy.Tests.ErrorValidationTest" time="12.030" errors="0" timestamp="2023-09-01T10:49:39 IST" skipped="0">
  <testcase classname="raghavkjacademy.Tests.ErrorValidationTest" name="loginErrorValidation" time="6.147"/>
  <testcase classname="raghavkjacademy.Tests.ErrorValidationTest" name="productErrorValidation" time="5.883"/>
</testsuite> <!-- raghavkjacademy.Tests.ErrorValidationTest -->
